----------------------TASK BEGIN: CCSDT: Energy:
#DIAGRAM_STANDARD: Graph Structure Allocated.
#TRIPLET_ATTR:SET_TRIPLET_INDEXING: Index-triplet indexing tables set: BASE =           17; TVOL =          969
PRDT before canceling:
 PRDT table has     61 entries:
  Prod#  Class Start_Off Finish_Off NTS  Operator Product
      1      1         1        1    3: P1(1/0/0i+;1/0/0a-)H1(1/0/0a+;1/0/0i-)P0()
      2      2         2        2    3: P2(2/0/0i+;2/0/0a-)H2(2/0/0a+;2/0/0i-)P0()
      3      3         3        3    4: P0()H1(1/0/0i+;1/0/0a-)S1(1/0/0a+;1/0/0i-)P0()
      4      4         4        4    4: P1(1/0/0i+;1/0/0a-)H1(1/0/0a+;1/0/0a-)S1(1/0/0a+;1/0/0i-)P0()
      5      5         5        5    4: P1(1/0/0i+;1/0/0a-)H1(1/0/0i+;1/0/0i-)S1(1/0/0a+;1/0/0i-)P0()
      6      6         6        6    4: P1(1/0/0i+;1/0/0a-)H2(1/0/0a+;1/0/0i+;1/0/0a-;1/0/0i-)S1(1/0/0a+;1/0/0i-)P0()
      7      7         7        7    4: P2(2/0/0i+;2/0/0a-)H2(2/0/0a+;1/0/0a-;1/0/0i-)S1(1/0/0a+;1/0/0i-)P0()
      8      8         8        8    4: P2(2/0/0i+;2/0/0a-)H2(1/0/0a+;1/0/0i+;2/0/0i-)S1(1/0/0a+;1/0/0i-)P0()
      9      9         9        9    4: P0()H2(2/0/0i+;2/0/0a-)S2(2/0/0a+;2/0/0i-)P0()
     10     10        10       10    4: P1(1/0/0i+;1/0/0a-)H1(1/0/0i+;1/0/0a-)S2(2/0/0a+;2/0/0i-)P0()
     11     11        11       11    4: P1(1/0/0i+;1/0/0a-)H2(1/0/0a+;1/0/0i+;2/0/0a-)S2(2/0/0a+;2/0/0i-)P0()
     12     12        12       12    4: P1(1/0/0i+;1/0/0a-)H2(2/0/0i+;1/0/0a-;1/0/0i-)S2(2/0/0a+;2/0/0i-)P0()
     13     13        13       13    4: P2(2/0/0i+;2/0/0a-)H1(1/0/0a+;1/0/0a-)S2(2/0/0a+;2/0/0i-)P0()
     14     14        14       14    4: P2(2/0/0i+;2/0/0a-)H1(1/0/0i+;1/0/0i-)S2(2/0/0a+;2/0/0i-)P0()
     15     15        15       15    4: P2(2/0/0i+;2/0/0a-)H2(2/0/0a+;2/0/0a-)S2(2/0/0a+;2/0/0i-)P0()
     16     16        16       16    4: P2(2/0/0i+;2/0/0a-)H2(1/0/0a+;1/0/0i+;1/0/0a-;1/0/0i-)S2(2/0/0a+;2/0/0i-)P0()
     17     17        17       17    4: P2(2/0/0i+;2/0/0a-)H2(2/0/0i+;2/0/0i-)S2(2/0/0a+;2/0/0i-)P0()
     18     18        18       18    4: P3(3/0/0i+;3/0/0a-)H2(2/0/0a+;1/0/0a-;1/0/0i-)S2(2/0/0a+;2/0/0i-)P0()
     19     19        19       19    4: P3(3/0/0i+;3/0/0a-)H2(1/0/0a+;1/0/0i+;2/0/0i-)S2(2/0/0a+;2/0/0i-)P0()
     20     20        20       20    4: P1(1/0/0i+;1/0/0a-)H2(2/0/0i+;2/0/0a-)S3(3/0/0a+;3/0/0i-)P0()
     21     21        21       21    4: P2(2/0/0i+;2/0/0a-)H1(1/0/0i+;1/0/0a-)S3(3/0/0a+;3/0/0i-)P0()
     22     22        22       22    4: P2(2/0/0i+;2/0/0a-)H2(1/0/0a+;1/0/0i+;2/0/0a-)S3(3/0/0a+;3/0/0i-)P0()
     23     23        23       23    4: P2(2/0/0i+;2/0/0a-)H2(2/0/0i+;1/0/0a-;1/0/0i-)S3(3/0/0a+;3/0/0i-)P0()
     24     24        24       24    4: P3(3/0/0i+;3/0/0a-)H1(1/0/0a+;1/0/0a-)S3(3/0/0a+;3/0/0i-)P0()
     25     25        25       25    4: P3(3/0/0i+;3/0/0a-)H1(1/0/0i+;1/0/0i-)S3(3/0/0a+;3/0/0i-)P0()
     26     26        26       26    4: P3(3/0/0i+;3/0/0a-)H2(2/0/0a+;2/0/0a-)S3(3/0/0a+;3/0/0i-)P0()
     27     27        27       27    4: P3(3/0/0i+;3/0/0a-)H2(1/0/0a+;1/0/0i+;1/0/0a-;1/0/0i-)S3(3/0/0a+;3/0/0i-)P0()
     28     28        28       28    4: P3(3/0/0i+;3/0/0a-)H2(2/0/0i+;2/0/0i-)S3(3/0/0a+;3/0/0i-)P0()
     29     29        29       29    5: P0()H2(2/0/0i+;2/0/0a-)S1(1/0/0a+;1/0/0i-)S1(1/0/0a+;1/0/0i-)P0()
     30     30        30       30    5: P1(1/0/0i+;1/0/0a-)H1(1/0/0i+;1/0/0a-)S1(1/0/0a+;1/0/0i-)S1(1/0/0a+;1/0/0i-)P0()
     31     31        31       31    5: P1(1/0/0i+;1/0/0a-)H2(1/0/0a+;1/0/0i+;2/0/0a-)S1(1/0/0a+;1/0/0i-)S1(1/0/0a+;1/0/0i-)P0()
     32     32        32       32    5: P1(1/0/0i+;1/0/0a-)H2(2/0/0i+;1/0/0a-;1/0/0i-)S1(1/0/0a+;1/0/0i-)S1(1/0/0a+;1/0/0i-)P0()
     33     33        33       33    5: P2(2/0/0i+;2/0/0a-)H2(2/0/0a+;2/0/0a-)S1(1/0/0a+;1/0/0i-)S1(1/0/0a+;1/0/0i-)P0()
     34     34        34       34    5: P2(2/0/0i+;2/0/0a-)H2(1/0/0a+;1/0/0i+;1/0/0a-;1/0/0i-)S1(1/0/0a+;1/0/0i-)S1(1/0/0a+;1/0/0i-)P0()
     35     35        35       35    5: P2(2/0/0i+;2/0/0a-)H2(2/0/0i+;2/0/0i-)S1(1/0/0a+;1/0/0i-)S1(1/0/0a+;1/0/0i-)P0()
     36     36        36       38    5: P1(1/0/0i+;1/0/0a-)H2(2/0/0i+;2/0/0a-)S1(1/0/0a+;1/0/0i-)S2(2/0/0a+;2/0/0i-)P0()
     37     37        39       40    5: P2(2/0/0i+;2/0/0a-)H1(1/0/0i+;1/0/0a-)S1(1/0/0a+;1/0/0i-)S2(2/0/0a+;2/0/0i-)P0()
     38     38        41       43    5: P2(2/0/0i+;2/0/0a-)H2(1/0/0a+;1/0/0i+;2/0/0a-)S1(1/0/0a+;1/0/0i-)S2(2/0/0a+;2/0/0i-)P0()
     39     39        44       46    5: P2(2/0/0i+;2/0/0a-)H2(2/0/0i+;1/0/0a-;1/0/0i-)S1(1/0/0a+;1/0/0i-)S2(2/0/0a+;2/0/0i-)P0()
     40     40        47       47    5: P3(3/0/0i+;3/0/0a-)H2(2/0/0a+;2/0/0a-)S1(1/0/0a+;1/0/0i-)S2(2/0/0a+;2/0/0i-)P0()
     41     41        48       49    5: P3(3/0/0i+;3/0/0a-)H2(1/0/0a+;1/0/0i+;1/0/0a-;1/0/0i-)S1(1/0/0a+;1/0/0i-)S2(2/0/0a+;2/0/0i-)P0()
     42     42        50       50    5: P3(3/0/0i+;3/0/0a-)H2(2/0/0i+;2/0/0i-)S1(1/0/0a+;1/0/0i-)S2(2/0/0a+;2/0/0i-)P0()
     43     43        51       53    5: P2(2/0/0i+;2/0/0a-)H2(2/0/0i+;2/0/0a-)S1(1/0/0a+;1/0/0i-)S3(3/0/0a+;3/0/0i-)P0()
     44     44        54       55    5: P3(3/0/0i+;3/0/0a-)H1(1/0/0i+;1/0/0a-)S1(1/0/0a+;1/0/0i-)S3(3/0/0a+;3/0/0i-)P0()
     45     45        56       58    5: P3(3/0/0i+;3/0/0a-)H2(1/0/0a+;1/0/0i+;2/0/0a-)S1(1/0/0a+;1/0/0i-)S3(3/0/0a+;3/0/0i-)P0()
     46     46        59       61    5: P3(3/0/0i+;3/0/0a-)H2(2/0/0i+;1/0/0a-;1/0/0i-)S1(1/0/0a+;1/0/0i-)S3(3/0/0a+;3/0/0i-)P0()
     47     47        62       65    5: P2(2/0/0i+;2/0/0a-)H2(2/0/0i+;2/0/0a-)S2(2/0/0a+;2/0/0i-)S2(2/0/0a+;2/0/0i-)P0()
     48     48        66       66    5: P3(3/0/0i+;3/0/0a-)H1(1/0/0i+;1/0/0a-)S2(2/0/0a+;2/0/0i-)S2(2/0/0a+;2/0/0i-)P0()
     49     49        67       68    5: P3(3/0/0i+;3/0/0a-)H2(1/0/0a+;1/0/0i+;2/0/0a-)S2(2/0/0a+;2/0/0i-)S2(2/0/0a+;2/0/0i-)P0()
     50     50        69       70    5: P3(3/0/0i+;3/0/0a-)H2(2/0/0i+;1/0/0a-;1/0/0i-)S2(2/0/0a+;2/0/0i-)S2(2/0/0a+;2/0/0i-)P0()
     51     51        71       77    5: P3(3/0/0i+;3/0/0a-)H2(2/0/0i+;2/0/0a-)S2(2/0/0a+;2/0/0i-)S3(3/0/0a+;3/0/0i-)P0()
     52     52        78       78    6: P1(1/0/0i+;1/0/0a-)H2(2/0/0i+;2/0/0a-)S1(1/0/0a+;1/0/0i-)S1(1/0/0a+;1/0/0i-)S1(1/0/0a+;1/0/0i-)P0()
     53     53        79       79    6: P2(2/0/0i+;2/0/0a-)H2(1/0/0a+;1/0/0i+;2/0/0a-)S1(1/0/0a+;1/0/0i-)S1(1/0/0a+;1/0/0i-)S1(1/0/0a+;1/0/0i-)P0()
     54     54        80       80    6: P2(2/0/0i+;2/0/0a-)H2(2/0/0i+;1/0/0a-;1/0/0i-)S1(1/0/0a+;1/0/0i-)S1(1/0/0a+;1/0/0i-)S1(1/0/0a+;1/0/0i-)P0()
     55     55        81       85    6: P2(2/0/0i+;2/0/0a-)H2(2/0/0i+;2/0/0a-)S1(1/0/0a+;1/0/0i-)S1(1/0/0a+;1/0/0i-)S2(2/0/0a+;2/0/0i-)P0()
     56     56        86       87    6: P3(3/0/0i+;3/0/0a-)H2(1/0/0a+;1/0/0i+;2/0/0a-)S1(1/0/0a+;1/0/0i-)S1(1/0/0a+;1/0/0i-)S2(2/0/0a+;2/0/0i-)P0()
     57     57        88       89    6: P3(3/0/0i+;3/0/0a-)H2(2/0/0i+;1/0/0a-;1/0/0i-)S1(1/0/0a+;1/0/0i-)S1(1/0/0a+;1/0/0i-)S2(2/0/0a+;2/0/0i-)P0()
     58     58        90       94    6: P3(3/0/0i+;3/0/0a-)H2(2/0/0i+;2/0/0a-)S1(1/0/0a+;1/0/0i-)S1(1/0/0a+;1/0/0i-)S3(3/0/0a+;3/0/0i-)P0()
     59     59        95       99    6: P3(3/0/0i+;3/0/0a-)H2(2/0/0i+;2/0/0a-)S1(1/0/0a+;1/0/0i-)S2(2/0/0a+;2/0/0i-)S2(2/0/0a+;2/0/0i-)P0()
     60     60       100      100    7: P2(2/0/0i+;2/0/0a-)H2(2/0/0i+;2/0/0a-)S1(1/0/0a+;1/0/0i-)S1(1/0/0a+;1/0/0i-)S1(1/0/0a+;1/0/0i-)S1(1/0/0a+;1/0/0i-)P0()
     61     61       101      102    7: P3(3/0/0i+;3/0/0a-)H2(2/0/0i+;2/0/0a-)S1(1/0/0a+;1/0/0i-)S1(1/0/0a+;1/0/0i-)S1(1/0/0a+;1/0/0i-)S2(2/0/0a+;2/0/0i-)P0()
PRDT before merging:
 PRDT table has     61 entries:
  Prod#  Class Start_Off Finish_Off NTS  Operator Product
      1      1         1        1    3: P1(1/0/0i+;1/0/0a-)H1(1/0/0a+;1/0/0i-)P0()
      2      2         2        2    3: P2(2/0/0i+;2/0/0a-)H2(2/0/0a+;2/0/0i-)P0()
      3      3         3        3    4: P0()H1(1/0/0i+;1/0/0a-)S1(1/0/0a+;1/0/0i-)P0()
      4      4         4        4    4: P1(1/0/0i+;1/0/0a-)H1(1/0/0a+;1/0/0a-)S1(1/0/0a+;1/0/0i-)P0()
      5      5         5        5    4: P1(1/0/0i+;1/0/0a-)H1(1/0/0i+;1/0/0i-)S1(1/0/0a+;1/0/0i-)P0()
      6      6         6        6    4: P1(1/0/0i+;1/0/0a-)H2(1/0/0a+;1/0/0i+;1/0/0a-;1/0/0i-)S1(1/0/0a+;1/0/0i-)P0()
      7      7         7        7    4: P2(2/0/0i+;2/0/0a-)H2(2/0/0a+;1/0/0a-;1/0/0i-)S1(1/0/0a+;1/0/0i-)P0()
      8      8         8        8    4: P2(2/0/0i+;2/0/0a-)H2(1/0/0a+;1/0/0i+;2/0/0i-)S1(1/0/0a+;1/0/0i-)P0()
      9      9         9        9    4: P0()H2(2/0/0i+;2/0/0a-)S2(2/0/0a+;2/0/0i-)P0()
     10     10        10       10    4: P1(1/0/0i+;1/0/0a-)H1(1/0/0i+;1/0/0a-)S2(2/0/0a+;2/0/0i-)P0()
     11     11        11       11    4: P1(1/0/0i+;1/0/0a-)H2(1/0/0a+;1/0/0i+;2/0/0a-)S2(2/0/0a+;2/0/0i-)P0()
     12     12        12       12    4: P1(1/0/0i+;1/0/0a-)H2(2/0/0i+;1/0/0a-;1/0/0i-)S2(2/0/0a+;2/0/0i-)P0()
     13     13        13       13    4: P2(2/0/0i+;2/0/0a-)H1(1/0/0a+;1/0/0a-)S2(2/0/0a+;2/0/0i-)P0()
     14     14        14       14    4: P2(2/0/0i+;2/0/0a-)H1(1/0/0i+;1/0/0i-)S2(2/0/0a+;2/0/0i-)P0()
     15     15        15       15    4: P2(2/0/0i+;2/0/0a-)H2(2/0/0a+;2/0/0a-)S2(2/0/0a+;2/0/0i-)P0()
     16     16        16       16    4: P2(2/0/0i+;2/0/0a-)H2(1/0/0a+;1/0/0i+;1/0/0a-;1/0/0i-)S2(2/0/0a+;2/0/0i-)P0()
     17     17        17       17    4: P2(2/0/0i+;2/0/0a-)H2(2/0/0i+;2/0/0i-)S2(2/0/0a+;2/0/0i-)P0()
     18     18        18       18    4: P3(3/0/0i+;3/0/0a-)H2(2/0/0a+;1/0/0a-;1/0/0i-)S2(2/0/0a+;2/0/0i-)P0()
     19     19        19       19    4: P3(3/0/0i+;3/0/0a-)H2(1/0/0a+;1/0/0i+;2/0/0i-)S2(2/0/0a+;2/0/0i-)P0()
     20     20        20       20    4: P1(1/0/0i+;1/0/0a-)H2(2/0/0i+;2/0/0a-)S3(3/0/0a+;3/0/0i-)P0()
     21     21        21       21    4: P2(2/0/0i+;2/0/0a-)H1(1/0/0i+;1/0/0a-)S3(3/0/0a+;3/0/0i-)P0()
     22     22        22       22    4: P2(2/0/0i+;2/0/0a-)H2(1/0/0a+;1/0/0i+;2/0/0a-)S3(3/0/0a+;3/0/0i-)P0()
     23     23        23       23    4: P2(2/0/0i+;2/0/0a-)H2(2/0/0i+;1/0/0a-;1/0/0i-)S3(3/0/0a+;3/0/0i-)P0()
     24     24        24       24    4: P3(3/0/0i+;3/0/0a-)H1(1/0/0a+;1/0/0a-)S3(3/0/0a+;3/0/0i-)P0()
     25     25        25       25    4: P3(3/0/0i+;3/0/0a-)H1(1/0/0i+;1/0/0i-)S3(3/0/0a+;3/0/0i-)P0()
     26     26        26       26    4: P3(3/0/0i+;3/0/0a-)H2(2/0/0a+;2/0/0a-)S3(3/0/0a+;3/0/0i-)P0()
     27     27        27       27    4: P3(3/0/0i+;3/0/0a-)H2(1/0/0a+;1/0/0i+;1/0/0a-;1/0/0i-)S3(3/0/0a+;3/0/0i-)P0()
     28     28        28       28    4: P3(3/0/0i+;3/0/0a-)H2(2/0/0i+;2/0/0i-)S3(3/0/0a+;3/0/0i-)P0()
     29     29        29       29    5: P0()H2(2/0/0i+;2/0/0a-)S1(1/0/0a+;1/0/0i-)S1(1/0/0a+;1/0/0i-)P0()
     30     30        30       30    5: P1(1/0/0i+;1/0/0a-)H1(1/0/0i+;1/0/0a-)S1(1/0/0a+;1/0/0i-)S1(1/0/0a+;1/0/0i-)P0()
     31     31        31       31    5: P1(1/0/0i+;1/0/0a-)H2(1/0/0a+;1/0/0i+;2/0/0a-)S1(1/0/0a+;1/0/0i-)S1(1/0/0a+;1/0/0i-)P0()
     32     32        32       32    5: P1(1/0/0i+;1/0/0a-)H2(2/0/0i+;1/0/0a-;1/0/0i-)S1(1/0/0a+;1/0/0i-)S1(1/0/0a+;1/0/0i-)P0()
     33     33        33       33    5: P2(2/0/0i+;2/0/0a-)H2(2/0/0a+;2/0/0a-)S1(1/0/0a+;1/0/0i-)S1(1/0/0a+;1/0/0i-)P0()
     34     34        34       34    5: P2(2/0/0i+;2/0/0a-)H2(1/0/0a+;1/0/0i+;1/0/0a-;1/0/0i-)S1(1/0/0a+;1/0/0i-)S1(1/0/0a+;1/0/0i-)P0()
     35     35        35       35    5: P2(2/0/0i+;2/0/0a-)H2(2/0/0i+;2/0/0i-)S1(1/0/0a+;1/0/0i-)S1(1/0/0a+;1/0/0i-)P0()
     36     36        36       38    5: P1(1/0/0i+;1/0/0a-)H2(2/0/0i+;2/0/0a-)S1(1/0/0a+;1/0/0i-)S2(2/0/0a+;2/0/0i-)P0()
     37     37        39       40    5: P2(2/0/0i+;2/0/0a-)H1(1/0/0i+;1/0/0a-)S1(1/0/0a+;1/0/0i-)S2(2/0/0a+;2/0/0i-)P0()
     38     38        41       43    5: P2(2/0/0i+;2/0/0a-)H2(1/0/0a+;1/0/0i+;2/0/0a-)S1(1/0/0a+;1/0/0i-)S2(2/0/0a+;2/0/0i-)P0()
     39     39        44       46    5: P2(2/0/0i+;2/0/0a-)H2(2/0/0i+;1/0/0a-;1/0/0i-)S1(1/0/0a+;1/0/0i-)S2(2/0/0a+;2/0/0i-)P0()
     40     40        47       47    5: P3(3/0/0i+;3/0/0a-)H2(2/0/0a+;2/0/0a-)S1(1/0/0a+;1/0/0i-)S2(2/0/0a+;2/0/0i-)P0()
     41     41        48       49    5: P3(3/0/0i+;3/0/0a-)H2(1/0/0a+;1/0/0i+;1/0/0a-;1/0/0i-)S1(1/0/0a+;1/0/0i-)S2(2/0/0a+;2/0/0i-)P0()
     42     42        50       50    5: P3(3/0/0i+;3/0/0a-)H2(2/0/0i+;2/0/0i-)S1(1/0/0a+;1/0/0i-)S2(2/0/0a+;2/0/0i-)P0()
     43     43        51       53    5: P2(2/0/0i+;2/0/0a-)H2(2/0/0i+;2/0/0a-)S1(1/0/0a+;1/0/0i-)S3(3/0/0a+;3/0/0i-)P0()
     44     44        54       55    5: P3(3/0/0i+;3/0/0a-)H1(1/0/0i+;1/0/0a-)S1(1/0/0a+;1/0/0i-)S3(3/0/0a+;3/0/0i-)P0()
     45     45        56       58    5: P3(3/0/0i+;3/0/0a-)H2(1/0/0a+;1/0/0i+;2/0/0a-)S1(1/0/0a+;1/0/0i-)S3(3/0/0a+;3/0/0i-)P0()
     46     46        59       61    5: P3(3/0/0i+;3/0/0a-)H2(2/0/0i+;1/0/0a-;1/0/0i-)S1(1/0/0a+;1/0/0i-)S3(3/0/0a+;3/0/0i-)P0()
     47     47        62       65    5: P2(2/0/0i+;2/0/0a-)H2(2/0/0i+;2/0/0a-)S2(2/0/0a+;2/0/0i-)S2(2/0/0a+;2/0/0i-)P0()
     48     48        66       66    5: P3(3/0/0i+;3/0/0a-)H1(1/0/0i+;1/0/0a-)S2(2/0/0a+;2/0/0i-)S2(2/0/0a+;2/0/0i-)P0()
     49     49        67       68    5: P3(3/0/0i+;3/0/0a-)H2(1/0/0a+;1/0/0i+;2/0/0a-)S2(2/0/0a+;2/0/0i-)S2(2/0/0a+;2/0/0i-)P0()
     50     50        69       70    5: P3(3/0/0i+;3/0/0a-)H2(2/0/0i+;1/0/0a-;1/0/0i-)S2(2/0/0a+;2/0/0i-)S2(2/0/0a+;2/0/0i-)P0()
     51     51        71       77    5: P3(3/0/0i+;3/0/0a-)H2(2/0/0i+;2/0/0a-)S2(2/0/0a+;2/0/0i-)S3(3/0/0a+;3/0/0i-)P0()
     52     52        78       78    6: P1(1/0/0i+;1/0/0a-)H2(2/0/0i+;2/0/0a-)S1(1/0/0a+;1/0/0i-)S1(1/0/0a+;1/0/0i-)S1(1/0/0a+;1/0/0i-)P0()
     53     53        79       79    6: P2(2/0/0i+;2/0/0a-)H2(1/0/0a+;1/0/0i+;2/0/0a-)S1(1/0/0a+;1/0/0i-)S1(1/0/0a+;1/0/0i-)S1(1/0/0a+;1/0/0i-)P0()
     54     54        80       80    6: P2(2/0/0i+;2/0/0a-)H2(2/0/0i+;1/0/0a-;1/0/0i-)S1(1/0/0a+;1/0/0i-)S1(1/0/0a+;1/0/0i-)S1(1/0/0a+;1/0/0i-)P0()
     55     55        81       85    6: P2(2/0/0i+;2/0/0a-)H2(2/0/0i+;2/0/0a-)S1(1/0/0a+;1/0/0i-)S1(1/0/0a+;1/0/0i-)S2(2/0/0a+;2/0/0i-)P0()
     56     56        86       87    6: P3(3/0/0i+;3/0/0a-)H2(1/0/0a+;1/0/0i+;2/0/0a-)S1(1/0/0a+;1/0/0i-)S1(1/0/0a+;1/0/0i-)S2(2/0/0a+;2/0/0i-)P0()
     57     57        88       89    6: P3(3/0/0i+;3/0/0a-)H2(2/0/0i+;1/0/0a-;1/0/0i-)S1(1/0/0a+;1/0/0i-)S1(1/0/0a+;1/0/0i-)S2(2/0/0a+;2/0/0i-)P0()
     58     58        90       94    6: P3(3/0/0i+;3/0/0a-)H2(2/0/0i+;2/0/0a-)S1(1/0/0a+;1/0/0i-)S1(1/0/0a+;1/0/0i-)S3(3/0/0a+;3/0/0i-)P0()
     59     59        95       99    6: P3(3/0/0i+;3/0/0a-)H2(2/0/0i+;2/0/0a-)S1(1/0/0a+;1/0/0i-)S2(2/0/0a+;2/0/0i-)S2(2/0/0a+;2/0/0i-)P0()
     60     60       100      100    7: P2(2/0/0i+;2/0/0a-)H2(2/0/0i+;2/0/0a-)S1(1/0/0a+;1/0/0i-)S1(1/0/0a+;1/0/0i-)S1(1/0/0a+;1/0/0i-)S1(1/0/0a+;1/0/0i-)P0()
     61     61       101      102    7: P3(3/0/0i+;3/0/0a-)H2(2/0/0i+;2/0/0a-)S1(1/0/0a+;1/0/0i-)S1(1/0/0a+;1/0/0i-)S1(1/0/0a+;1/0/0i-)S2(2/0/0a+;2/0/0i-)P0()
PRDT after canceling and merging:
 PRDT table has     61 entries:
  Prod#  Class Start_Off Finish_Off NTS  Operator Product
      1      1         1        1    3: P1(1/0/0i+;1/0/0a-)H1(1/0/0a+;1/0/0i-)P0()
      2      2         2        2    3: P2(2/0/0i+;2/0/0a-)H2(2/0/0a+;2/0/0i-)P0()
      3      3         3        3    4: P0()H1(1/0/0i+;1/0/0a-)S1(1/0/0a+;1/0/0i-)P0()
      4      4         4        4    4: P1(1/0/0i+;1/0/0a-)H1(1/0/0a+;1/0/0a-)S1(1/0/0a+;1/0/0i-)P0()
      5      5         5        5    4: P1(1/0/0i+;1/0/0a-)H1(1/0/0i+;1/0/0i-)S1(1/0/0a+;1/0/0i-)P0()
      6      6         6        6    4: P1(1/0/0i+;1/0/0a-)H2(1/0/0a+;1/0/0i+;1/0/0a-;1/0/0i-)S1(1/0/0a+;1/0/0i-)P0()
      7      7         7        7    4: P2(2/0/0i+;2/0/0a-)H2(2/0/0a+;1/0/0a-;1/0/0i-)S1(1/0/0a+;1/0/0i-)P0()
      8      8         8        8    4: P2(2/0/0i+;2/0/0a-)H2(1/0/0a+;1/0/0i+;2/0/0i-)S1(1/0/0a+;1/0/0i-)P0()
      9      9         9        9    4: P0()H2(2/0/0i+;2/0/0a-)S2(2/0/0a+;2/0/0i-)P0()
     10     10        10       10    4: P1(1/0/0i+;1/0/0a-)H1(1/0/0i+;1/0/0a-)S2(2/0/0a+;2/0/0i-)P0()
     11     11        11       11    4: P1(1/0/0i+;1/0/0a-)H2(1/0/0a+;1/0/0i+;2/0/0a-)S2(2/0/0a+;2/0/0i-)P0()
     12     12        12       12    4: P1(1/0/0i+;1/0/0a-)H2(2/0/0i+;1/0/0a-;1/0/0i-)S2(2/0/0a+;2/0/0i-)P0()
     13     13        13       13    4: P2(2/0/0i+;2/0/0a-)H1(1/0/0a+;1/0/0a-)S2(2/0/0a+;2/0/0i-)P0()
     14     14        14       14    4: P2(2/0/0i+;2/0/0a-)H1(1/0/0i+;1/0/0i-)S2(2/0/0a+;2/0/0i-)P0()
     15     15        15       15    4: P2(2/0/0i+;2/0/0a-)H2(2/0/0a+;2/0/0a-)S2(2/0/0a+;2/0/0i-)P0()
     16     16        16       16    4: P2(2/0/0i+;2/0/0a-)H2(1/0/0a+;1/0/0i+;1/0/0a-;1/0/0i-)S2(2/0/0a+;2/0/0i-)P0()
     17     17        17       17    4: P2(2/0/0i+;2/0/0a-)H2(2/0/0i+;2/0/0i-)S2(2/0/0a+;2/0/0i-)P0()
     18     18        18       18    4: P3(3/0/0i+;3/0/0a-)H2(2/0/0a+;1/0/0a-;1/0/0i-)S2(2/0/0a+;2/0/0i-)P0()
     19     19        19       19    4: P3(3/0/0i+;3/0/0a-)H2(1/0/0a+;1/0/0i+;2/0/0i-)S2(2/0/0a+;2/0/0i-)P0()
     20     20        20       20    4: P1(1/0/0i+;1/0/0a-)H2(2/0/0i+;2/0/0a-)S3(3/0/0a+;3/0/0i-)P0()
     21     21        21       21    4: P2(2/0/0i+;2/0/0a-)H1(1/0/0i+;1/0/0a-)S3(3/0/0a+;3/0/0i-)P0()
     22     22        22       22    4: P2(2/0/0i+;2/0/0a-)H2(1/0/0a+;1/0/0i+;2/0/0a-)S3(3/0/0a+;3/0/0i-)P0()
     23     23        23       23    4: P2(2/0/0i+;2/0/0a-)H2(2/0/0i+;1/0/0a-;1/0/0i-)S3(3/0/0a+;3/0/0i-)P0()
     24     24        24       24    4: P3(3/0/0i+;3/0/0a-)H1(1/0/0a+;1/0/0a-)S3(3/0/0a+;3/0/0i-)P0()
     25     25        25       25    4: P3(3/0/0i+;3/0/0a-)H1(1/0/0i+;1/0/0i-)S3(3/0/0a+;3/0/0i-)P0()
     26     26        26       26    4: P3(3/0/0i+;3/0/0a-)H2(2/0/0a+;2/0/0a-)S3(3/0/0a+;3/0/0i-)P0()
     27     27        27       27    4: P3(3/0/0i+;3/0/0a-)H2(1/0/0a+;1/0/0i+;1/0/0a-;1/0/0i-)S3(3/0/0a+;3/0/0i-)P0()
     28     28        28       28    4: P3(3/0/0i+;3/0/0a-)H2(2/0/0i+;2/0/0i-)S3(3/0/0a+;3/0/0i-)P0()
     29     29        29       29    5: P0()H2(2/0/0i+;2/0/0a-)S1(1/0/0a+;1/0/0i-)S1(1/0/0a+;1/0/0i-)P0()
     30     30        30       30    5: P1(1/0/0i+;1/0/0a-)H1(1/0/0i+;1/0/0a-)S1(1/0/0a+;1/0/0i-)S1(1/0/0a+;1/0/0i-)P0()
     31     31        31       31    5: P1(1/0/0i+;1/0/0a-)H2(1/0/0a+;1/0/0i+;2/0/0a-)S1(1/0/0a+;1/0/0i-)S1(1/0/0a+;1/0/0i-)P0()
     32     32        32       32    5: P1(1/0/0i+;1/0/0a-)H2(2/0/0i+;1/0/0a-;1/0/0i-)S1(1/0/0a+;1/0/0i-)S1(1/0/0a+;1/0/0i-)P0()
     33     33        33       33    5: P2(2/0/0i+;2/0/0a-)H2(2/0/0a+;2/0/0a-)S1(1/0/0a+;1/0/0i-)S1(1/0/0a+;1/0/0i-)P0()
     34     34        34       34    5: P2(2/0/0i+;2/0/0a-)H2(1/0/0a+;1/0/0i+;1/0/0a-;1/0/0i-)S1(1/0/0a+;1/0/0i-)S1(1/0/0a+;1/0/0i-)P0()
     35     35        35       35    5: P2(2/0/0i+;2/0/0a-)H2(2/0/0i+;2/0/0i-)S1(1/0/0a+;1/0/0i-)S1(1/0/0a+;1/0/0i-)P0()
     36     36        36       38    5: P1(1/0/0i+;1/0/0a-)H2(2/0/0i+;2/0/0a-)S1(1/0/0a+;1/0/0i-)S2(2/0/0a+;2/0/0i-)P0()
     37     37        39       40    5: P2(2/0/0i+;2/0/0a-)H1(1/0/0i+;1/0/0a-)S1(1/0/0a+;1/0/0i-)S2(2/0/0a+;2/0/0i-)P0()
     38     38        41       43    5: P2(2/0/0i+;2/0/0a-)H2(1/0/0a+;1/0/0i+;2/0/0a-)S1(1/0/0a+;1/0/0i-)S2(2/0/0a+;2/0/0i-)P0()
     39     39        44       46    5: P2(2/0/0i+;2/0/0a-)H2(2/0/0i+;1/0/0a-;1/0/0i-)S1(1/0/0a+;1/0/0i-)S2(2/0/0a+;2/0/0i-)P0()
     40     40        47       47    5: P3(3/0/0i+;3/0/0a-)H2(2/0/0a+;2/0/0a-)S1(1/0/0a+;1/0/0i-)S2(2/0/0a+;2/0/0i-)P0()
     41     41        48       49    5: P3(3/0/0i+;3/0/0a-)H2(1/0/0a+;1/0/0i+;1/0/0a-;1/0/0i-)S1(1/0/0a+;1/0/0i-)S2(2/0/0a+;2/0/0i-)P0()
     42     42        50       50    5: P3(3/0/0i+;3/0/0a-)H2(2/0/0i+;2/0/0i-)S1(1/0/0a+;1/0/0i-)S2(2/0/0a+;2/0/0i-)P0()
     43     43        51       53    5: P2(2/0/0i+;2/0/0a-)H2(2/0/0i+;2/0/0a-)S1(1/0/0a+;1/0/0i-)S3(3/0/0a+;3/0/0i-)P0()
     44     44        54       55    5: P3(3/0/0i+;3/0/0a-)H1(1/0/0i+;1/0/0a-)S1(1/0/0a+;1/0/0i-)S3(3/0/0a+;3/0/0i-)P0()
     45     45        56       58    5: P3(3/0/0i+;3/0/0a-)H2(1/0/0a+;1/0/0i+;2/0/0a-)S1(1/0/0a+;1/0/0i-)S3(3/0/0a+;3/0/0i-)P0()
     46     46        59       61    5: P3(3/0/0i+;3/0/0a-)H2(2/0/0i+;1/0/0a-;1/0/0i-)S1(1/0/0a+;1/0/0i-)S3(3/0/0a+;3/0/0i-)P0()
     47     47        62       65    5: P2(2/0/0i+;2/0/0a-)H2(2/0/0i+;2/0/0a-)S2(2/0/0a+;2/0/0i-)S2(2/0/0a+;2/0/0i-)P0()
     48     48        66       66    5: P3(3/0/0i+;3/0/0a-)H1(1/0/0i+;1/0/0a-)S2(2/0/0a+;2/0/0i-)S2(2/0/0a+;2/0/0i-)P0()
     49     49        67       68    5: P3(3/0/0i+;3/0/0a-)H2(1/0/0a+;1/0/0i+;2/0/0a-)S2(2/0/0a+;2/0/0i-)S2(2/0/0a+;2/0/0i-)P0()
     50     50        69       70    5: P3(3/0/0i+;3/0/0a-)H2(2/0/0i+;1/0/0a-;1/0/0i-)S2(2/0/0a+;2/0/0i-)S2(2/0/0a+;2/0/0i-)P0()
     51     51        71       77    5: P3(3/0/0i+;3/0/0a-)H2(2/0/0i+;2/0/0a-)S2(2/0/0a+;2/0/0i-)S3(3/0/0a+;3/0/0i-)P0()
     52     52        78       78    6: P1(1/0/0i+;1/0/0a-)H2(2/0/0i+;2/0/0a-)S1(1/0/0a+;1/0/0i-)S1(1/0/0a+;1/0/0i-)S1(1/0/0a+;1/0/0i-)P0()
     53     53        79       79    6: P2(2/0/0i+;2/0/0a-)H2(1/0/0a+;1/0/0i+;2/0/0a-)S1(1/0/0a+;1/0/0i-)S1(1/0/0a+;1/0/0i-)S1(1/0/0a+;1/0/0i-)P0()
     54     54        80       80    6: P2(2/0/0i+;2/0/0a-)H2(2/0/0i+;1/0/0a-;1/0/0i-)S1(1/0/0a+;1/0/0i-)S1(1/0/0a+;1/0/0i-)S1(1/0/0a+;1/0/0i-)P0()
     55     55        81       85    6: P2(2/0/0i+;2/0/0a-)H2(2/0/0i+;2/0/0a-)S1(1/0/0a+;1/0/0i-)S1(1/0/0a+;1/0/0i-)S2(2/0/0a+;2/0/0i-)P0()
     56     56        86       87    6: P3(3/0/0i+;3/0/0a-)H2(1/0/0a+;1/0/0i+;2/0/0a-)S1(1/0/0a+;1/0/0i-)S1(1/0/0a+;1/0/0i-)S2(2/0/0a+;2/0/0i-)P0()
     57     57        88       89    6: P3(3/0/0i+;3/0/0a-)H2(2/0/0i+;1/0/0a-;1/0/0i-)S1(1/0/0a+;1/0/0i-)S1(1/0/0a+;1/0/0i-)S2(2/0/0a+;2/0/0i-)P0()
     58     58        90       94    6: P3(3/0/0i+;3/0/0a-)H2(2/0/0i+;2/0/0a-)S1(1/0/0a+;1/0/0i-)S1(1/0/0a+;1/0/0i-)S3(3/0/0a+;3/0/0i-)P0()
     59     59        95       99    6: P3(3/0/0i+;3/0/0a-)H2(2/0/0i+;2/0/0a-)S1(1/0/0a+;1/0/0i-)S2(2/0/0a+;2/0/0i-)S2(2/0/0a+;2/0/0i-)P0()
     60     60       100      100    7: P2(2/0/0i+;2/0/0a-)H2(2/0/0i+;2/0/0a-)S1(1/0/0a+;1/0/0i-)S1(1/0/0a+;1/0/0i-)S1(1/0/0a+;1/0/0i-)S1(1/0/0a+;1/0/0i-)P0()
     61     61       101      102    7: P3(3/0/0i+;3/0/0a-)H2(2/0/0i+;2/0/0a-)S1(1/0/0a+;1/0/0i-)S1(1/0/0a+;1/0/0i-)S1(1/0/0a+;1/0/0i-)S2(2/0/0a+;2/0/0i-)P0()
#PRINT_TEX: default integer size =   4, key length =   4
Diagram statistics: 
 Diagram type 1: amount =      102
 Diagram type 2: amount =        0
 Diagram type 3: amount =        0
 Diagram type 4: amount =        0
 Diagram type 5: amount =        0
 Diagram type 6: amount =        0
  1-part diagram amount =      102
 Total diagram amount =      102
 Max number of tensors per diagram =  5
 Max number of parts per diagram   =  1
#ENCODE_SLOT:COMPLETE_SLOT_ATTRIBUTE: Slot kind volume =         108718575625; Total slot volume =         869748605000
#PRINT_TEX: default integer size =   4, key length =   5
#MAX_IMD_IND_RANGE: Max intermediate total index range allowed =     0.179769313486232+309
#SLOT_ATTR_RANGE8:SET_TABLES: Slot range tables set: size =   1.83 Mb; time =   0.01 min. Ok.
#PRINT_TEX: default integer size =   4, key length =   6
Tensor Registration Table:
 Tensor Register has     24 entries:
      #  Type  Class   op_types     aop_types    iop_types      Host       Next
      1  11     1     0  1  1  0   0  0  0  0   0  0  0  0         1          0
      2   0     2     1  0  0  1   0  0  0  0   0  0  0  0         2          6
      3  11     3     0  0  0  0   0  0  0  0   0  0  0  0         3          0
      4  11     4     0  2  2  0   0  0  0  0   0  0  0  0         4          0
      5   0     5     2  0  0  2   0  0  0  0   0  0  0  0         5         10
      6   0     6     0  1  1  0   0  0  0  0   0  0  0  0         6          8
      7   1     7     1  0  0  1   0  0  0  0   0  0  0  0         7          0
      8   0     8     1  0  1  0   0  0  0  0   0  0  0  0         8          9
      9   0     9     0  1  0  1   0  0  0  0   0  0  0  0         9          0
     10   0    10     1  1  1  1   0  0  0  0   0  0  0  0        10         11
     11   0    11     2  0  1  1   0  0  0  0   0  0  0  0        11         12
     12   0    12     1  1  0  2   0  0  0  0   0  0  0  0        12         13
     13   0    13     0  2  2  0   0  0  0  0   0  0  0  0        13         15
     14   1    14     2  0  0  2   0  0  0  0   0  0  0  0        14          0
     15   0    15     1  1  2  0   0  0  0  0   0  0  0  0        15         16
     16   0    16     0  2  1  1   0  0  0  0   0  0  0  0        16         17
     17   0    17     2  0  2  0   0  0  0  0   0  0  0  0        17         18
     18   0    18     0  2  0  2   0  0  0  0   0  0  0  0        18          0
     19  11    19     0  3  3  0   0  0  0  0   0  0  0  0        19          0
     20   1    20     3  0  0  3   0  0  0  0   0  0  0  0        20          0
     21   8    21     1  0  0  1   0  0  0  0   0  0  0  0        21          0
     22   8    22     2  0  0  2   0  0  0  0   0  0  0  0        22          0
     23   8    23     0  0  0  0   0  0  0  0   0  0  0  0        23          0
     24   8    24     3  0  0  3   0  0  0  0   0  0  0  0        24          0
    24 tensor classes registered:
      #  Type    op_types    min_aop_types min_iop_types max_aop_types max_iop_types spin in out iter
      1  11     0  1  1  0    0  0  0  0    0  0  0  0    0  0  0  0    0  0  0  0      0   F   F    F    F
      2   0     1  0  0  1    0  0  0  0    0  0  0  0    0  0  0  0    0  0  0  0      0   T   F    F    F
      3  11     0  0  0  0    0  0  0  0    0  0  0  0    0  0  0  0    0  0  0  0      0   F   F    F    F
      4  11     0  2  2  0    0  0  0  0    0  0  0  0    0  0  0  0    0  0  0  0      0   F   F    F    F
      5   0     2  0  0  2    0  0  0  0    0  0  0  0    0  0  0  0    0  0  0  0      0   T   F    F    F
      6   0     0  1  1  0    0  0  0  0    0  0  0  0    0  0  0  0    0  0  0  0      0   T   F    F    F
      7   1     1  0  0  1    0  0  0  0    0  0  0  0    0  0  0  0    0  0  0  0      0   T   T    F    F
      8   0     1  0  1  0    0  0  0  0    0  0  0  0    0  0  0  0    0  0  0  0      0   T   F    F    F
      9   0     0  1  0  1    0  0  0  0    0  0  0  0    0  0  0  0    0  0  0  0      0   T   F    F    F
     10   0     1  1  1  1    0  0  0  0    0  0  0  0    0  0  0  0    0  0  0  0      0   T   F    F    F
     11   0     2  0  1  1    0  0  0  0    0  0  0  0    0  0  0  0    0  0  0  0      0   T   F    F    F
     12   0     1  1  0  2    0  0  0  0    0  0  0  0    0  0  0  0    0  0  0  0      0   T   F    F    F
     13   0     0  2  2  0    0  0  0  0    0  0  0  0    0  0  0  0    0  0  0  0      0   T   F    F    F
     14   1     2  0  0  2    0  0  0  0    0  0  0  0    0  0  0  0    0  0  0  0      0   T   T    F    F
     15   0     1  1  2  0    0  0  0  0    0  0  0  0    0  0  0  0    0  0  0  0      0   T   F    F    F
     16   0     0  2  1  1    0  0  0  0    0  0  0  0    0  0  0  0    0  0  0  0      0   T   F    F    F
     17   0     2  0  2  0    0  0  0  0    0  0  0  0    0  0  0  0    0  0  0  0      0   T   F    F    F
     18   0     0  2  0  2    0  0  0  0    0  0  0  0    0  0  0  0    0  0  0  0      0   T   F    F    F
     19  11     0  3  3  0    0  0  0  0    0  0  0  0    0  0  0  0    0  0  0  0      0   F   F    F    F
     20   1     3  0  0  3    0  0  0  0    0  0  0  0    0  0  0  0    0  0  0  0      0   T   T    F    F
     21   8     1  0  0  1    0  0  0  0    0  0  0  0    0  0  0  0    0  0  0  0      0   F   F    F    F
     22   8     2  0  0  2    0  0  0  0    0  0  0  0    0  0  0  0    0  0  0  0      0   F   F    F    F
     23   8     0  0  0  0    0  0  0  0    0  0  0  0    0  0  0  0    0  0  0  0      0   F   F    F    F
     24   8     3  0  0  3    0  0  0  0    0  0  0  0    0  0  0  0    0  0  0  0      0   F   F    F    F
----------------------END OF TASK: CCSDT: Energy. Ok
Final PRDT state:
 PRDT table has     61 entries:
  Prod#  Class Start_Off Finish_Off NTS  Operator Product
      1      1         1        1    3: P1(1/0/0i+;1/0/0a-)H1(1/0/0a+;1/0/0i-)P0()
      2      2         2        2    3: P2(2/0/0i+;2/0/0a-)H2(2/0/0a+;2/0/0i-)P0()
      3      3         3        3    4: P0()H1(1/0/0i+;1/0/0a-)S1(1/0/0a+;1/0/0i-)P0()
      4      4         4        4    4: P1(1/0/0i+;1/0/0a-)H1(1/0/0a+;1/0/0a-)S1(1/0/0a+;1/0/0i-)P0()
      5      5         5        5    4: P1(1/0/0i+;1/0/0a-)H1(1/0/0i+;1/0/0i-)S1(1/0/0a+;1/0/0i-)P0()
      6      6         6        6    4: P1(1/0/0i+;1/0/0a-)H2(1/0/0a+;1/0/0i+;1/0/0a-;1/0/0i-)S1(1/0/0a+;1/0/0i-)P0()
      7      7         7        7    4: P2(2/0/0i+;2/0/0a-)H2(2/0/0a+;1/0/0a-;1/0/0i-)S1(1/0/0a+;1/0/0i-)P0()
      8      8         8        8    4: P2(2/0/0i+;2/0/0a-)H2(1/0/0a+;1/0/0i+;2/0/0i-)S1(1/0/0a+;1/0/0i-)P0()
      9      9         9        9    4: P0()H2(2/0/0i+;2/0/0a-)S2(2/0/0a+;2/0/0i-)P0()
     10     10        10       10    4: P1(1/0/0i+;1/0/0a-)H1(1/0/0i+;1/0/0a-)S2(2/0/0a+;2/0/0i-)P0()
     11     11        11       11    4: P1(1/0/0i+;1/0/0a-)H2(1/0/0a+;1/0/0i+;2/0/0a-)S2(2/0/0a+;2/0/0i-)P0()
     12     12        12       12    4: P1(1/0/0i+;1/0/0a-)H2(2/0/0i+;1/0/0a-;1/0/0i-)S2(2/0/0a+;2/0/0i-)P0()
     13     13        13       13    4: P2(2/0/0i+;2/0/0a-)H1(1/0/0a+;1/0/0a-)S2(2/0/0a+;2/0/0i-)P0()
     14     14        14       14    4: P2(2/0/0i+;2/0/0a-)H1(1/0/0i+;1/0/0i-)S2(2/0/0a+;2/0/0i-)P0()
     15     15        15       15    4: P2(2/0/0i+;2/0/0a-)H2(2/0/0a+;2/0/0a-)S2(2/0/0a+;2/0/0i-)P0()
     16     16        16       16    4: P2(2/0/0i+;2/0/0a-)H2(1/0/0a+;1/0/0i+;1/0/0a-;1/0/0i-)S2(2/0/0a+;2/0/0i-)P0()
     17     17        17       17    4: P2(2/0/0i+;2/0/0a-)H2(2/0/0i+;2/0/0i-)S2(2/0/0a+;2/0/0i-)P0()
     18     18        18       18    4: P3(3/0/0i+;3/0/0a-)H2(2/0/0a+;1/0/0a-;1/0/0i-)S2(2/0/0a+;2/0/0i-)P0()
     19     19        19       19    4: P3(3/0/0i+;3/0/0a-)H2(1/0/0a+;1/0/0i+;2/0/0i-)S2(2/0/0a+;2/0/0i-)P0()
     20     20        20       20    4: P1(1/0/0i+;1/0/0a-)H2(2/0/0i+;2/0/0a-)S3(3/0/0a+;3/0/0i-)P0()
     21     21        21       21    4: P2(2/0/0i+;2/0/0a-)H1(1/0/0i+;1/0/0a-)S3(3/0/0a+;3/0/0i-)P0()
     22     22        22       22    4: P2(2/0/0i+;2/0/0a-)H2(1/0/0a+;1/0/0i+;2/0/0a-)S3(3/0/0a+;3/0/0i-)P0()
     23     23        23       23    4: P2(2/0/0i+;2/0/0a-)H2(2/0/0i+;1/0/0a-;1/0/0i-)S3(3/0/0a+;3/0/0i-)P0()
     24     24        24       24    4: P3(3/0/0i+;3/0/0a-)H1(1/0/0a+;1/0/0a-)S3(3/0/0a+;3/0/0i-)P0()
     25     25        25       25    4: P3(3/0/0i+;3/0/0a-)H1(1/0/0i+;1/0/0i-)S3(3/0/0a+;3/0/0i-)P0()
     26     26        26       26    4: P3(3/0/0i+;3/0/0a-)H2(2/0/0a+;2/0/0a-)S3(3/0/0a+;3/0/0i-)P0()
     27     27        27       27    4: P3(3/0/0i+;3/0/0a-)H2(1/0/0a+;1/0/0i+;1/0/0a-;1/0/0i-)S3(3/0/0a+;3/0/0i-)P0()
     28     28        28       28    4: P3(3/0/0i+;3/0/0a-)H2(2/0/0i+;2/0/0i-)S3(3/0/0a+;3/0/0i-)P0()
     29     29        29       29    5: P0()H2(2/0/0i+;2/0/0a-)S1(1/0/0a+;1/0/0i-)S1(1/0/0a+;1/0/0i-)P0()
     30     30        30       30    5: P1(1/0/0i+;1/0/0a-)H1(1/0/0i+;1/0/0a-)S1(1/0/0a+;1/0/0i-)S1(1/0/0a+;1/0/0i-)P0()
     31     31        31       31    5: P1(1/0/0i+;1/0/0a-)H2(1/0/0a+;1/0/0i+;2/0/0a-)S1(1/0/0a+;1/0/0i-)S1(1/0/0a+;1/0/0i-)P0()
     32     32        32       32    5: P1(1/0/0i+;1/0/0a-)H2(2/0/0i+;1/0/0a-;1/0/0i-)S1(1/0/0a+;1/0/0i-)S1(1/0/0a+;1/0/0i-)P0()
     33     33        33       33    5: P2(2/0/0i+;2/0/0a-)H2(2/0/0a+;2/0/0a-)S1(1/0/0a+;1/0/0i-)S1(1/0/0a+;1/0/0i-)P0()
     34     34        34       34    5: P2(2/0/0i+;2/0/0a-)H2(1/0/0a+;1/0/0i+;1/0/0a-;1/0/0i-)S1(1/0/0a+;1/0/0i-)S1(1/0/0a+;1/0/0i-)P0()
     35     35        35       35    5: P2(2/0/0i+;2/0/0a-)H2(2/0/0i+;2/0/0i-)S1(1/0/0a+;1/0/0i-)S1(1/0/0a+;1/0/0i-)P0()
     36     36        36       38    5: P1(1/0/0i+;1/0/0a-)H2(2/0/0i+;2/0/0a-)S1(1/0/0a+;1/0/0i-)S2(2/0/0a+;2/0/0i-)P0()
     37     37        39       40    5: P2(2/0/0i+;2/0/0a-)H1(1/0/0i+;1/0/0a-)S1(1/0/0a+;1/0/0i-)S2(2/0/0a+;2/0/0i-)P0()
     38     38        41       43    5: P2(2/0/0i+;2/0/0a-)H2(1/0/0a+;1/0/0i+;2/0/0a-)S1(1/0/0a+;1/0/0i-)S2(2/0/0a+;2/0/0i-)P0()
     39     39        44       46    5: P2(2/0/0i+;2/0/0a-)H2(2/0/0i+;1/0/0a-;1/0/0i-)S1(1/0/0a+;1/0/0i-)S2(2/0/0a+;2/0/0i-)P0()
     40     40        47       47    5: P3(3/0/0i+;3/0/0a-)H2(2/0/0a+;2/0/0a-)S1(1/0/0a+;1/0/0i-)S2(2/0/0a+;2/0/0i-)P0()
     41     41        48       49    5: P3(3/0/0i+;3/0/0a-)H2(1/0/0a+;1/0/0i+;1/0/0a-;1/0/0i-)S1(1/0/0a+;1/0/0i-)S2(2/0/0a+;2/0/0i-)P0()
     42     42        50       50    5: P3(3/0/0i+;3/0/0a-)H2(2/0/0i+;2/0/0i-)S1(1/0/0a+;1/0/0i-)S2(2/0/0a+;2/0/0i-)P0()
     43     43        51       53    5: P2(2/0/0i+;2/0/0a-)H2(2/0/0i+;2/0/0a-)S1(1/0/0a+;1/0/0i-)S3(3/0/0a+;3/0/0i-)P0()
     44     44        54       55    5: P3(3/0/0i+;3/0/0a-)H1(1/0/0i+;1/0/0a-)S1(1/0/0a+;1/0/0i-)S3(3/0/0a+;3/0/0i-)P0()
     45     45        56       58    5: P3(3/0/0i+;3/0/0a-)H2(1/0/0a+;1/0/0i+;2/0/0a-)S1(1/0/0a+;1/0/0i-)S3(3/0/0a+;3/0/0i-)P0()
     46     46        59       61    5: P3(3/0/0i+;3/0/0a-)H2(2/0/0i+;1/0/0a-;1/0/0i-)S1(1/0/0a+;1/0/0i-)S3(3/0/0a+;3/0/0i-)P0()
     47     47        62       65    5: P2(2/0/0i+;2/0/0a-)H2(2/0/0i+;2/0/0a-)S2(2/0/0a+;2/0/0i-)S2(2/0/0a+;2/0/0i-)P0()
     48     48        66       66    5: P3(3/0/0i+;3/0/0a-)H1(1/0/0i+;1/0/0a-)S2(2/0/0a+;2/0/0i-)S2(2/0/0a+;2/0/0i-)P0()
     49     49        67       68    5: P3(3/0/0i+;3/0/0a-)H2(1/0/0a+;1/0/0i+;2/0/0a-)S2(2/0/0a+;2/0/0i-)S2(2/0/0a+;2/0/0i-)P0()
     50     50        69       70    5: P3(3/0/0i+;3/0/0a-)H2(2/0/0i+;1/0/0a-;1/0/0i-)S2(2/0/0a+;2/0/0i-)S2(2/0/0a+;2/0/0i-)P0()
     51     51        71       77    5: P3(3/0/0i+;3/0/0a-)H2(2/0/0i+;2/0/0a-)S2(2/0/0a+;2/0/0i-)S3(3/0/0a+;3/0/0i-)P0()
     52     52        78       78    6: P1(1/0/0i+;1/0/0a-)H2(2/0/0i+;2/0/0a-)S1(1/0/0a+;1/0/0i-)S1(1/0/0a+;1/0/0i-)S1(1/0/0a+;1/0/0i-)P0()
     53     53        79       79    6: P2(2/0/0i+;2/0/0a-)H2(1/0/0a+;1/0/0i+;2/0/0a-)S1(1/0/0a+;1/0/0i-)S1(1/0/0a+;1/0/0i-)S1(1/0/0a+;1/0/0i-)P0()
     54     54        80       80    6: P2(2/0/0i+;2/0/0a-)H2(2/0/0i+;1/0/0a-;1/0/0i-)S1(1/0/0a+;1/0/0i-)S1(1/0/0a+;1/0/0i-)S1(1/0/0a+;1/0/0i-)P0()
     55     55        81       85    6: P2(2/0/0i+;2/0/0a-)H2(2/0/0i+;2/0/0a-)S1(1/0/0a+;1/0/0i-)S1(1/0/0a+;1/0/0i-)S2(2/0/0a+;2/0/0i-)P0()
     56     56        86       87    6: P3(3/0/0i+;3/0/0a-)H2(1/0/0a+;1/0/0i+;2/0/0a-)S1(1/0/0a+;1/0/0i-)S1(1/0/0a+;1/0/0i-)S2(2/0/0a+;2/0/0i-)P0()
     57     57        88       89    6: P3(3/0/0i+;3/0/0a-)H2(2/0/0i+;1/0/0a-;1/0/0i-)S1(1/0/0a+;1/0/0i-)S1(1/0/0a+;1/0/0i-)S2(2/0/0a+;2/0/0i-)P0()
     58     58        90       94    6: P3(3/0/0i+;3/0/0a-)H2(2/0/0i+;2/0/0a-)S1(1/0/0a+;1/0/0i-)S1(1/0/0a+;1/0/0i-)S3(3/0/0a+;3/0/0i-)P0()
     59     59        95       99    6: P3(3/0/0i+;3/0/0a-)H2(2/0/0i+;2/0/0a-)S1(1/0/0a+;1/0/0i-)S2(2/0/0a+;2/0/0i-)S2(2/0/0a+;2/0/0i-)P0()
     60     60       100      100    7: P2(2/0/0i+;2/0/0a-)H2(2/0/0i+;2/0/0a-)S1(1/0/0a+;1/0/0i-)S1(1/0/0a+;1/0/0i-)S1(1/0/0a+;1/0/0i-)S1(1/0/0a+;1/0/0i-)P0()
     61     61       101      102    7: P3(3/0/0i+;3/0/0a-)H2(2/0/0i+;2/0/0a-)S1(1/0/0a+;1/0/0i-)S1(1/0/0a+;1/0/0i-)S1(1/0/0a+;1/0/0i-)S2(2/0/0a+;2/0/0i-)P0()
